<?xml version="1.0" encoding="UTF-8"?>
<robot generator="Robot 4.0.1 (Python 3.8.7 on win32)" generated="20210507 17:34:48.996" rpa="false" schemaversion="2">
<suite id="s1" name="Customkeywords" source="C:\Users\n.spanu_polsource\Desktop\test_driven_development_with_python-main\robot_framework\customkeywords.robot">
<test id="s1-t1" name="Use Custom Keywords">
<kw name="Echo Hello">
<kw name="Log" library="BuiltIn">
<arg>Hello!</arg>
<doc>Logs the given message with the given level.</doc>
<msg timestamp="20210507 17:34:49.027" level="INFO">Hello!</msg>
<status status="PASS" starttime="20210507 17:34:49.027" endtime="20210507 17:34:49.027"/>
</kw>
<status status="PASS" starttime="20210507 17:34:49.027" endtime="20210507 17:34:49.027"/>
</kw>
<kw name="Say Hello" library="HelloLibrary">
<msg timestamp="20210507 17:34:49.028" level="INFO">Hello from Python!</msg>
<status status="PASS" starttime="20210507 17:34:49.028" endtime="20210507 17:34:49.028"/>
</kw>
<status status="PASS" starttime="20210507 17:34:49.026" endtime="20210507 17:34:49.028"/>
</test>
<status status="PASS" starttime="20210507 17:34:48.998" endtime="20210507 17:34:49.029"/>
</suite>
<statistics>
<total>
<stat pass="1" fail="0" skip="0">All Tests</stat>
</total>
<tag>
</tag>
<suite>
<stat pass="1" fail="0" skip="0" id="s1" name="Customkeywords">Customkeywords</stat>
</suite>
</statistics>
<errors>
</errors>
</robot>
